PCAD Importer Log
Project : MISCELANEOUS.LibPkg

Section : C:\Users\darkl\Desktop\TPKS - Copy\MISCELANEOUS.LIA
    Section : PCB Library - MISCELANEOUS.PcbLib
        Section : Load Messages
            Warning - 1 : Skipping Token CAP1 On Line 501
            Warning - 1 : Skipping Token CAP2 On Line 524
            Warning - 1 : Skipping Token CAPVAR On Line 548
            Warning - 1 : Skipping Token CONN1X On Line 577
            Warning - 1 : Skipping Token CONN2X On Line 592
            Warning - 1 : Skipping Token DIODE On Line 620
            Warning - 1 : Skipping Token DIODEBRIDGE On Line 646
            Warning - 1 : Skipping Token GND On Line 692
            Warning - 1 : Skipping Token IND On Line 708
            Warning - 1 : Skipping Token INDVAR On Line 730
            Warning - 1 : Skipping Token KT117 On Line 759
            Warning - 1 : Skipping Token LEDIN On Line 798
            Warning - 1 : Skipping Token LEDOUT On Line 834
            Warning - 1 : Skipping Token NPN On Line 870
            Warning - 1 : Skipping Token PNP On Line 908
            Warning - 1 : Skipping Token RES On Line 946
            Warning - 1 : Skipping Token RESVAR On Line 971
            Warning - 1 : Skipping Token SPEAKER On Line 1009
            Warning - 1 : Skipping Token STAB On Line 1036
            Warning - 1 : Skipping Token TIRISTOR On Line 1063
            Warning - 1 : Skipping Token TR On Line 1097
            Warning - 1 : Skipping Token TURN On Line 1142
            Warning - 1 : Skipping Token VCC On Line 1165
            Warning - 1 : Skipping Token attachedSymbol On Line 1192
            Warning - 1 : Skipping Token attachedSymbol On Line 1214
            Warning - 1 : Skipping Token attachedSymbol On Line 1235
            Warning - 1 : Skipping Token attachedSymbol On Line 1255
            Warning - 1 : Skipping Token attachedSymbol On Line 1275
            Warning - 1 : Skipping Token attachedSymbol On Line 1296
            Warning - 1 : Skipping Token attachedSymbol On Line 1319
            Warning - 1 : Skipping Token attachedSymbol On Line 1342
            Warning - 1 : Skipping Token attachedSymbol On Line 1357
            Warning - 1 : Skipping Token attachedSymbol On Line 1380
            Warning - 1 : Skipping Token attachedSymbol On Line 1403
            Warning - 1 : Skipping Token attachedSymbol On Line 1426
            Warning - 1 : Skipping Token attachedSymbol On Line 1449
            Warning - 1 : Skipping Token attachedSymbol On Line 1470
            Warning - 1 : Skipping Token attachedSymbol On Line 1491
            Warning - 1 : Skipping Token attachedSymbol On Line 1513
            Warning - 1 : Skipping Token attachedSymbol On Line 1536
            Warning - 1 : Skipping Token attachedSymbol On Line 1558
            Warning - 1 : Skipping Token attachedSymbol On Line 1578
            Warning - 1 : Skipping Token attachedSymbol On Line 1600
            Warning - 1 : Skipping Token attachedSymbol On Line 1625
            Warning - 1 : Skipping Token attachedSymbol On Line 1647
            Warning - 1 : Skipping Token attachedSymbol On Line 1668
        EndSection

        Section : Import Messages
            Warning : Mounting Hole Pad Converted To Rounded Pad
            Warning : Mounting Hole Pad Converted To Rounded Pad
            Warning : Mounting Hole Pad Converted To Rounded Pad
            Warning : Mounting Hole Pad Converted To Rounded Pad
            Warning : Mounting Hole Pad Converted To Rounded Pad
            Warning : Mounting Hole Pad Converted To Rounded Pad
            Warning : Mounting Hole Pad Converted To Rounded Pad
            Warning : Mounting Hole Pad Converted To Rounded Pad
            Warning : Mounting Hole Pad Converted To Rounded Pad
            Warning : Component GND does not have PCB footprint definition and will be skipped
            Warning : Mounting Hole Pad Converted To Rounded Pad
            Warning : Mounting Hole Pad Converted To Rounded Pad
            Warning : Mounting Hole Pad Converted To Rounded Pad
            Warning : Mounting Hole Pad Converted To Rounded Pad
            Warning : Mounting Hole Pad Converted To Rounded Pad
            Warning : Mounting Hole Pad Converted To Rounded Pad
            Warning : Mounting Hole Pad Converted To Rounded Pad
            Warning : Mounting Hole Pad Converted To Rounded Pad
            Warning : Mounting Hole Pad Converted To Rounded Pad
            Warning : Component VCC does not have PCB footprint definition and will be skipped
        EndSection
    EndSection

    Section : SCH Library - MISCELANEOUS.SchLib
        Section : Parsing Messages
            Warning - 1 : Skipping Token padStyleDef On Line 13
            Warning - 1 : Skipping Token padStyleDef On Line 23
            Warning - 1 : Skipping Token padStyleDef On Line 33
            Warning - 1 : Skipping Token padStyleDef On Line 43
            Warning - 1 : Skipping Token padStyleDef On Line 53
            Warning - 1 : Skipping Token padStyleDef On Line 63
            Warning - 1 : Skipping Token padStyleDef On Line 73
            Warning - 1 : Skipping Token padStyleDef On Line 83
            Warning - 1 : Skipping Token padStyleDef On Line 93
            Warning - 1 : Skipping Token padStyleDef On Line 103
            Warning - 1 : Skipping Token viaStyleDef On Line 114
            Warning - 1 : Skipping Token multiLayer On Line 198
            Warning - 1 : Skipping Token layerContents On Line 202
            Warning - 1 : Skipping Token layerContents On Line 205
            Warning - 1 : Skipping Token multiLayer On Line 219
            Warning - 1 : Skipping Token layerContents On Line 223
            Warning - 1 : Skipping Token multiLayer On Line 239
            Warning - 1 : Skipping Token layerContents On Line 243
            Warning - 1 : Skipping Token multiLayer On Line 256
            Warning - 1 : Skipping Token layerContents On Line 261
            Warning - 1 : Skipping Token multiLayer On Line 277
            Warning - 1 : Skipping Token layerContents On Line 281
            Warning - 1 : Skipping Token multiLayer On Line 296
            Warning - 1 : Skipping Token layerContents On Line 301
            Warning - 1 : Skipping Token multiLayer On Line 316
            Warning - 1 : Skipping Token layerContents On Line 320
            Warning - 1 : Skipping Token multiLayer On Line 336
            Warning - 1 : Skipping Token layerContents On Line 342
            Warning - 1 : Skipping Token multiLayer On Line 358
            Warning - 1 : Skipping Token layerContents On Line 364
            Warning - 1 : Skipping Token multiLayer On Line 377
            Warning - 1 : Skipping Token layerContents On Line 382
            Warning - 1 : Skipping Token layerContents On Line 386
            Warning - 1 : Skipping Token multiLayer On Line 400
            Warning - 1 : Skipping Token layerContents On Line 405
            Warning - 1 : Skipping Token multiLayer On Line 423
            Warning - 1 : Skipping Token layerContents On Line 427
            Warning - 1 : Skipping Token multiLayer On Line 443
            Warning - 1 : Skipping Token layerContents On Line 448
            Warning - 1 : Skipping Token multiLayer On Line 464
            Warning - 1 : Skipping Token layerContents On Line 471
            Warning - 1 : Skipping Token multiLayer On Line 487
            Warning - 1 : Skipping Token layerContents On Line 492
            Warning - 1 : Skipping Token defaultPinDes On Line 509
            Warning - 1 : Skipping Token defaultPinDes On Line 517
            Warning - 1 : Skipping Token defaultPinDes On Line 532
            Warning - 1 : Skipping Token defaultPinDes On Line 540
            Warning - 1 : Skipping Token defaultPinDes On Line 556
            Warning - 1 : Skipping Token defaultPinDes On Line 564
            Warning - 1 : Skipping Token defaultPinDes On Line 585
            Warning - 1 : Skipping Token defaultPinDes On Line 600
            Warning - 1 : Skipping Token defaultPinDes On Line 608
            Warning - 1 : Skipping Token defaultPinDes On Line 628
            Warning - 1 : Skipping Token defaultPinDes On Line 636
            Warning - 1 : Skipping Token defaultPinDes On Line 654
            Warning - 1 : Skipping Token defaultPinDes On Line 662
            Warning - 1 : Skipping Token defaultPinDes On Line 670
            Warning - 1 : Skipping Token defaultPinDes On Line 678
            Warning - 1 : Skipping Token defaultPinDes On Line 700
            Warning - 1 : Skipping Token defaultPinDes On Line 715
            Warning - 1 : Skipping Token defaultPinDes On Line 722
            Warning - 1 : Skipping Token defaultPinDes On Line 737
            Warning - 1 : Skipping Token defaultPinDes On Line 744
            Warning - 1 : Skipping Token defaultPinDes On Line 751
            Warning - 1 : Skipping Token defaultPinDes On Line 767
            Warning - 1 : Skipping Token defaultPinDes On Line 775
            Warning - 1 : Skipping Token defaultPinDes On Line 783
            Warning - 1 : Skipping Token defaultPinDes On Line 806
            Warning - 1 : Skipping Token defaultPinDes On Line 814
            Warning - 1 : Skipping Token defaultPinDes On Line 842
            Warning - 1 : Skipping Token defaultPinDes On Line 850
            Warning - 1 : Skipping Token defaultPinDes On Line 878
            Warning - 1 : Skipping Token defaultPinDes On Line 886
            Warning - 1 : Skipping Token defaultPinDes On Line 894
            Warning - 1 : Skipping Token defaultPinDes On Line 916
            Warning - 1 : Skipping Token defaultPinDes On Line 924
            Warning - 1 : Skipping Token defaultPinDes On Line 932
            Warning - 1 : Skipping Token defaultPinDes On Line 954
            Warning - 1 : Skipping Token defaultPinDes On Line 962
            Warning - 1 : Skipping Token defaultPinDes On Line 979
            Warning - 1 : Skipping Token defaultPinDes On Line 987
            Warning - 1 : Skipping Token defaultPinDes On Line 995
            Warning - 1 : Skipping Token defaultPinDes On Line 1017
            Warning - 1 : Skipping Token defaultPinDes On Line 1025
            Warning - 1 : Skipping Token defaultPinDes On Line 1044
            Warning - 1 : Skipping Token defaultPinDes On Line 1052
            Warning - 1 : Skipping Token defaultPinDes On Line 1071
            Warning - 1 : Skipping Token defaultPinDes On Line 1079
            Warning - 1 : Skipping Token defaultPinDes On Line 1087
            Warning - 1 : Skipping Token defaultPinDes On Line 1104
            Warning - 1 : Skipping Token defaultPinDes On Line 1111
            Warning - 1 : Skipping Token defaultPinDes On Line 1118
            Warning - 1 : Skipping Token defaultPinDes On Line 1125
            Warning - 1 : Skipping Token defaultPinDes On Line 1151
            Warning - 1 : Skipping Token defaultPinDes On Line 1160
            Warning - 1 : Skipping Token defaultPinDes On Line 1173
        EndSection

        Section : Generating SCH Library - MISCELANEOUS.SchLib
        EndSection
    EndSection
EndSection
