PCAD Importer Log
Project : 1554-MM.LibPkg

Section : C:\Users\darkl\Desktop\TPKS - Copy\1554-MM.LIA
    Section : PCB Library - 1554-MM.PcbLib
        Section : Load Messages
            Warning - 1 : Skipping Token defaultPinDes On Line 1308
            Warning - 1 : Skipping Token defaultPinDes On Line 1309
            Warning - 1 : Skipping Token defaultPinDes On Line 1310
            Warning - 1 : Skipping Token defaultPinDes On Line 1311
            Warning - 1 : Skipping Token defaultPinDes On Line 1312
            Warning - 1 : Skipping Token defaultPinDes On Line 1313
            Warning - 1 : Skipping Token defaultPinDes On Line 1314
            Warning - 1 : Skipping Token defaultPinDes On Line 1315
            Warning - 1 : Skipping Token defaultPinDes On Line 1316
            Warning - 1 : Skipping Token defaultPinDes On Line 1317
            Warning - 1 : Skipping Token defaultPinDes On Line 1318
            Warning - 1 : Skipping Token defaultPinDes On Line 1319
            Warning - 1 : Skipping Token defaultPinDes On Line 1320
            Warning - 1 : Skipping Token defaultPinDes On Line 1321
            Warning - 1 : Skipping Token defaultPinDes On Line 1349
            Warning - 1 : Skipping Token defaultPinDes On Line 1350
            Warning - 1 : Skipping Token defaultPinDes On Line 1351
            Warning - 1 : Skipping Token defaultPinDes On Line 1352
            Warning - 1 : Skipping Token defaultPinDes On Line 1353
            Warning - 1 : Skipping Token defaultPinDes On Line 1354
            Warning - 1 : Skipping Token defaultPinDes On Line 1355
            Warning - 1 : Skipping Token defaultPinDes On Line 1356
            Warning - 1 : Skipping Token defaultPinDes On Line 1357
            Warning - 1 : Skipping Token defaultPinDes On Line 1358
            Warning - 1 : Skipping Token defaultPinDes On Line 1359
            Warning - 1 : Skipping Token defaultPinDes On Line 1360
            Warning - 1 : Skipping Token defaultPinDes On Line 1361
            Warning - 1 : Skipping Token defaultPinDes On Line 1362
            Warning - 1 : Skipping Token defaultPinDes On Line 1363
            Warning - 1 : Skipping Token defaultPinDes On Line 1364
            Warning - 1 : Skipping Token defaultPinDes On Line 1392
            Warning - 1 : Skipping Token defaultPinDes On Line 1393
            Warning - 1 : Skipping Token defaultPinDes On Line 1394
            Warning - 1 : Skipping Token defaultPinDes On Line 1395
            Warning - 1 : Skipping Token defaultPinDes On Line 1396
            Warning - 1 : Skipping Token defaultPinDes On Line 1397
            Warning - 1 : Skipping Token defaultPinDes On Line 1398
            Warning - 1 : Skipping Token defaultPinDes On Line 1399
            Warning - 1 : Skipping Token defaultPinDes On Line 1400
            Warning - 1 : Skipping Token defaultPinDes On Line 1401
            Warning - 1 : Skipping Token defaultPinDes On Line 1402
            Warning - 1 : Skipping Token defaultPinDes On Line 1403
            Warning - 1 : Skipping Token defaultPinDes On Line 1404
            Warning - 1 : Skipping Token defaultPinDes On Line 1405
            Warning - 1 : Skipping Token defaultPinDes On Line 1406
            Warning - 1 : Skipping Token defaultPinDes On Line 1407
            Warning - 1 : Skipping Token defaultPinDes On Line 1408
            Warning - 1 : Skipping Token defaultPinDes On Line 1409
            Warning - 1 : Skipping Token defaultPinDes On Line 1410
            Warning - 1 : Skipping Token defaultPinDes On Line 1411
            Warning - 1 : Skipping Token MICNEW On Line 1560
            Warning - 1 : Skipping Token MICNEW2 On Line 1623
            Warning - 1 : Skipping Token NEWMC On Line 1686
            Warning - 1 : Skipping Token  555¿œ3 On Line 1742
            Warning - 1 : Skipping Token  555¿œ6¿ On Line 1842
            Warning - 1 : Skipping Token  555¿œ6¡ On Line 1867
            Warning - 1 : Skipping Token  555»ƒ7 On Line 1918
            Warning - 1 : Skipping Token  555»≈10 On Line 2079
            Warning - 1 : Skipping Token  555»≈6 On Line 2218
            Warning - 1 : Skipping Token  555»œ5 On Line 2358
            Warning - 1 : Skipping Token  555»–22¿ On Line 2458
            Warning - 1 : Skipping Token  555»–22¡ On Line 2483
            Warning - 1 : Skipping Token  555»–23¿ On Line 2520
            Warning - 1 : Skipping Token  555»–23¡ On Line 2545
            Warning - 1 : Skipping Token  555»–27A On Line 2583
            Warning - 1 : Skipping Token  555»–27¡ On Line 2620
            Warning - 1 : Skipping Token  555 œ13 On Line 2645
            Warning - 1 : Skipping Token  555À¿1 On Line 2776
            Warning - 1 : Skipping Token  555À¿2 On Line 2827
            Warning - 1 : Skipping Token  555À¿3 On Line 2908
            Warning - 1 : Skipping Token  555À¿4 On Line 2941
            Warning - 1 : Skipping Token  555À≈1 On Line 2983
            Warning - 1 : Skipping Token  555À≈4 On Line 3016
            Warning - 1 : Skipping Token  555À»1 On Line 3058
            Warning - 1 : Skipping Token  555ÀÀ1 On Line 3089
            Warning - 1 : Skipping Token  555ÀÕ1 On Line 3120
            Warning - 1 : Skipping Token  555ÀÕ2 On Line 3146
            Warning - 1 : Skipping Token  555Àœ5 On Line 3178
            Warning - 1 : Skipping Token  555“M2 On Line 3209
            Warning - 1 : Skipping Token  555“M9¿ On Line 3275
            Warning - 1 : Skipping Token  555“M9¡ On Line 3300
            Warning - 1 : Skipping Token  555“¬9 On Line 3339
            Warning - 1 : Skipping Token  555“À2 On Line 3413
            Warning - 1 : Skipping Token › –1554»ƒ14 On Line 3439
            Warning - 1 : Skipping Token › –1554»–24 On Line 3518
            Warning - 1 : Skipping Token › –1554»–35¿ On Line 3683
            Warning - 1 : Skipping Token › –1554»–35¡ On Line 3721
            Warning - 1 : Skipping Token attachedSymbol On Line 3770
            Warning - 1 : Skipping Token attachedSymbol On Line 3771
            Warning - 1 : Skipping Token attachedSymbol On Line 3772
            Warning - 1 : Skipping Token attachedSymbol On Line 3773
            Warning - 1 : Skipping Token attachedSymbol On Line 3825
            Warning - 1 : Skipping Token attachedSymbol On Line 3826
            Warning - 1 : Skipping Token attachedSymbol On Line 3827
            Warning - 1 : Skipping Token attachedSymbol On Line 3828
            Warning - 1 : Skipping Token attachedSymbol On Line 3829
            Warning - 1 : Skipping Token attachedSymbol On Line 3830
            Warning - 1 : Skipping Token attachedSymbol On Line 3831
            Warning - 1 : Skipping Token attachedSymbol On Line 3832
            Warning - 1 : Skipping Token attachedSymbol On Line 3833
            Warning - 1 : Skipping Token attachedSymbol On Line 3886
            Warning - 1 : Skipping Token attachedSymbol On Line 3940
            Warning - 1 : Skipping Token attachedSymbol On Line 3941
            Warning - 1 : Skipping Token attachedSymbol On Line 3942
            Warning - 1 : Skipping Token attachedSymbol On Line 3943
            Warning - 1 : Skipping Token attachedSymbol On Line 3944
            Warning - 1 : Skipping Token attachedSymbol On Line 3945
            Warning - 1 : Skipping Token attachedSymbol On Line 3946
            Warning - 1 : Skipping Token attachedSymbol On Line 3947
            Warning - 1 : Skipping Token attachedSymbol On Line 3948
            Warning - 1 : Skipping Token attachedSymbol On Line 3999
            Warning - 1 : Skipping Token attachedSymbol On Line 4000
            Warning - 1 : Skipping Token attachedSymbol On Line 4001
            Warning - 1 : Skipping Token attachedSymbol On Line 4002
            Warning - 1 : Skipping Token attachedSymbol On Line 4047
            Warning - 1 : Skipping Token attachedSymbol On Line 4048
            Warning - 1 : Skipping Token attachedSymbol On Line 4049
            Warning - 1 : Skipping Token attachedSymbol On Line 4050
            Warning - 1 : Skipping Token attachedSymbol On Line 4095
            Warning - 1 : Skipping Token attachedSymbol On Line 4096
            Warning - 1 : Skipping Token attachedSymbol On Line 4140
            Warning - 1 : Skipping Token attachedSymbol On Line 4141
            Warning - 1 : Skipping Token attachedSymbol On Line 4186
            Warning - 1 : Skipping Token attachedSymbol On Line 4187
            Warning - 1 : Skipping Token attachedSymbol On Line 4239
            Warning - 1 : Skipping Token attachedSymbol On Line 4240
            Warning - 1 : Skipping Token attachedSymbol On Line 4241
            Warning - 1 : Skipping Token attachedSymbol On Line 4242
            Warning - 1 : Skipping Token attachedSymbol On Line 4243
            Warning - 1 : Skipping Token attachedSymbol On Line 4244
            Warning - 1 : Skipping Token attachedSymbol On Line 4245
            Warning - 1 : Skipping Token attachedSymbol On Line 4246
            Warning - 1 : Skipping Token attachedSymbol On Line 4247
            Warning - 1 : Skipping Token attachedSymbol On Line 4297
            Warning - 1 : Skipping Token attachedSymbol On Line 4329
            Warning - 1 : Skipping Token attachedSymbol On Line 4330
            Warning - 1 : Skipping Token attachedSymbol On Line 4388
            Warning - 1 : Skipping Token attachedSymbol On Line 4389
            Warning - 1 : Skipping Token attachedSymbol On Line 4390
            Warning - 1 : Skipping Token attachedSymbol On Line 4391
            Warning - 1 : Skipping Token attachedSymbol On Line 4392
            Warning - 1 : Skipping Token attachedSymbol On Line 4393
            Warning - 1 : Skipping Token attachedSymbol On Line 4394
            Warning - 1 : Skipping Token attachedSymbol On Line 4395
            Warning - 1 : Skipping Token attachedSymbol On Line 4396
            Warning - 1 : Skipping Token attachedSymbol On Line 4449
            Warning - 1 : Skipping Token attachedSymbol On Line 4450
            Warning - 1 : Skipping Token attachedSymbol On Line 4499
            Warning - 1 : Skipping Token attachedSymbol On Line 4548
            Warning - 1 : Skipping Token attachedSymbol On Line 4597
            Warning - 1 : Skipping Token attachedSymbol On Line 4644
            Warning - 1 : Skipping Token attachedSymbol On Line 4696
            Warning - 1 : Skipping Token attachedSymbol On Line 4697
            Warning - 1 : Skipping Token attachedSymbol On Line 4698
            Warning - 1 : Skipping Token attachedSymbol On Line 4699
            Warning - 1 : Skipping Token attachedSymbol On Line 4700
            Warning - 1 : Skipping Token attachedSymbol On Line 4701
            Warning - 1 : Skipping Token attachedSymbol On Line 4702
            Warning - 1 : Skipping Token attachedSymbol On Line 4703
            Warning - 1 : Skipping Token attachedSymbol On Line 4704
            Warning - 1 : Skipping Token attachedSymbol On Line 4762
            Warning - 1 : Skipping Token attachedSymbol On Line 4763
            Warning - 1 : Skipping Token attachedSymbol On Line 4764
            Warning - 1 : Skipping Token attachedSymbol On Line 4765
            Warning - 1 : Skipping Token attachedSymbol On Line 4766
            Warning - 1 : Skipping Token attachedSymbol On Line 4767
            Warning - 1 : Skipping Token attachedSymbol On Line 4768
            Warning - 1 : Skipping Token attachedSymbol On Line 4769
            Warning - 1 : Skipping Token attachedSymbol On Line 4770
            Warning - 1 : Skipping Token attachedSymbol On Line 4827
            Warning - 1 : Skipping Token attachedSymbol On Line 4885
            Warning - 1 : Skipping Token attachedSymbol On Line 4886
            Warning - 1 : Skipping Token attachedSymbol On Line 4887
            Warning - 1 : Skipping Token attachedSymbol On Line 4888
            Warning - 1 : Skipping Token attachedSymbol On Line 4889
            Warning - 1 : Skipping Token attachedSymbol On Line 4890
            Warning - 1 : Skipping Token attachedSymbol On Line 4891
            Warning - 1 : Skipping Token attachedSymbol On Line 4892
            Warning - 1 : Skipping Token attachedSymbol On Line 4893
            Warning - 1 : Skipping Token attachedSymbol On Line 4946
            Warning - 1 : Skipping Token attachedSymbol On Line 4993
            Warning - 1 : Skipping Token attachedSymbol On Line 4994
            Warning - 1 : Skipping Token attachedSymbol On Line 5039
            Warning - 1 : Skipping Token attachedSymbol On Line 5084
            Warning - 1 : Skipping Token attachedSymbol On Line 5085
            Warning - 1 : Skipping Token attachedSymbol On Line 5086
            Warning - 1 : Skipping Token attachedSymbol On Line 5087
            Warning - 1 : Skipping Token attachedSymbol On Line 5132
            Warning - 1 : Skipping Token attachedSymbol On Line 5133
            Warning - 1 : Skipping Token attachedSymbol On Line 5134
            Warning - 1 : Skipping Token attachedSymbol On Line 5179
            Warning - 1 : Skipping Token attachedSymbol On Line 5180
            Warning - 1 : Skipping Token attachedSymbol On Line 5181
            Warning - 1 : Skipping Token attachedSymbol On Line 5182
            Warning - 1 : Skipping Token attachedSymbol On Line 5227
            Warning - 1 : Skipping Token attachedSymbol On Line 5228
            Warning - 1 : Skipping Token attachedSymbol On Line 5229
            Warning - 1 : Skipping Token attachedSymbol On Line 5274
            Warning - 1 : Skipping Token attachedSymbol On Line 5275
            Warning - 1 : Skipping Token attachedSymbol On Line 5276
            Warning - 1 : Skipping Token attachedSymbol On Line 5277
            Warning - 1 : Skipping Token attachedSymbol On Line 5322
            Warning - 1 : Skipping Token attachedSymbol On Line 5323
            Warning - 1 : Skipping Token attachedSymbol On Line 5324
            Warning - 1 : Skipping Token attachedSymbol On Line 5325
            Warning - 1 : Skipping Token attachedSymbol On Line 5370
            Warning - 1 : Skipping Token attachedSymbol On Line 5371
            Warning - 1 : Skipping Token attachedSymbol On Line 5372
            Warning - 1 : Skipping Token attachedSymbol On Line 5373
            Warning - 1 : Skipping Token attachedSymbol On Line 5374
            Warning - 1 : Skipping Token attachedSymbol On Line 5375
            Warning - 1 : Skipping Token attachedSymbol On Line 5420
            Warning - 1 : Skipping Token attachedSymbol On Line 5421
            Warning - 1 : Skipping Token attachedSymbol On Line 5422
            Warning - 1 : Skipping Token attachedSymbol On Line 5423
            Warning - 1 : Skipping Token attachedSymbol On Line 5424
            Warning - 1 : Skipping Token attachedSymbol On Line 5425
            Warning - 1 : Skipping Token attachedSymbol On Line 5470
            Warning - 1 : Skipping Token attachedSymbol On Line 5471
            Warning - 1 : Skipping Token attachedSymbol On Line 5472
            Warning - 1 : Skipping Token attachedSymbol On Line 5473
            Warning - 1 : Skipping Token attachedSymbol On Line 5520
            Warning - 1 : Skipping Token attachedSymbol On Line 5521
            Warning - 1 : Skipping Token attachedSymbol On Line 5568
            Warning - 1 : Skipping Token attachedSymbol On Line 5569
            Warning - 1 : Skipping Token attachedSymbol On Line 5570
            Warning - 1 : Skipping Token attachedSymbol On Line 5571
            Warning - 1 : Skipping Token attachedSymbol On Line 5572
            Warning - 1 : Skipping Token attachedSymbol On Line 5573
            Warning - 1 : Skipping Token attachedSymbol On Line 5618
            Warning - 1 : Skipping Token attachedSymbol On Line 5619
            Warning - 1 : Skipping Token attachedSymbol On Line 5667
            Warning - 1 : Skipping Token attachedSymbol On Line 5668
            Warning - 1 : Skipping Token attachedSymbol On Line 5669
            Warning - 1 : Skipping Token attachedSymbol On Line 5670
            Warning - 1 : Skipping Token attachedSymbol On Line 5671
            Warning - 1 : Skipping Token attachedSymbol On Line 5672
            Warning - 1 : Skipping Token attachedSymbol On Line 5673
            Warning - 1 : Skipping Token attachedSymbol On Line 5722
            Warning - 1 : Skipping Token attachedSymbol On Line 5771
            Warning - 1 : Skipping Token attachedSymbol On Line 5820
            Warning - 1 : Skipping Token attachedSymbol On Line 5867
            Warning - 1 : Skipping Token attachedSymbol On Line 5914
            Warning - 1 : Skipping Token attachedSymbol On Line 5961
            Warning - 1 : Skipping Token attachedSymbol On Line 5962
            Warning - 1 : Skipping Token attachedSymbol On Line 6007
            Warning - 1 : Skipping Token attachedSymbol On Line 6052
            Warning - 1 : Skipping Token attachedSymbol On Line 6053
            Warning - 1 : Skipping Token attachedSymbol On Line 6054
            Warning - 1 : Skipping Token attachedSymbol On Line 6055
            Warning - 1 : Skipping Token attachedSymbol On Line 6100
            Warning - 1 : Skipping Token attachedSymbol On Line 6101
            Warning - 1 : Skipping Token attachedSymbol On Line 6102
            Warning - 1 : Skipping Token attachedSymbol On Line 6147
            Warning - 1 : Skipping Token attachedSymbol On Line 6148
            Warning - 1 : Skipping Token attachedSymbol On Line 6149
            Warning - 1 : Skipping Token attachedSymbol On Line 6150
            Warning - 1 : Skipping Token attachedSymbol On Line 6195
            Warning - 1 : Skipping Token attachedSymbol On Line 6196
            Warning - 1 : Skipping Token attachedSymbol On Line 6197
            Warning - 1 : Skipping Token attachedSymbol On Line 6242
            Warning - 1 : Skipping Token attachedSymbol On Line 6243
            Warning - 1 : Skipping Token attachedSymbol On Line 6244
            Warning - 1 : Skipping Token attachedSymbol On Line 6245
            Warning - 1 : Skipping Token attachedSymbol On Line 6290
            Warning - 1 : Skipping Token attachedSymbol On Line 6291
            Warning - 1 : Skipping Token attachedSymbol On Line 6292
            Warning - 1 : Skipping Token attachedSymbol On Line 6293
            Warning - 1 : Skipping Token attachedSymbol On Line 6338
            Warning - 1 : Skipping Token attachedSymbol On Line 6339
            Warning - 1 : Skipping Token attachedSymbol On Line 6340
            Warning - 1 : Skipping Token attachedSymbol On Line 6341
            Warning - 1 : Skipping Token attachedSymbol On Line 6342
            Warning - 1 : Skipping Token attachedSymbol On Line 6343
            Warning - 1 : Skipping Token attachedSymbol On Line 6388
            Warning - 1 : Skipping Token attachedSymbol On Line 6389
            Warning - 1 : Skipping Token attachedSymbol On Line 6390
            Warning - 1 : Skipping Token attachedSymbol On Line 6391
            Warning - 1 : Skipping Token attachedSymbol On Line 6392
            Warning - 1 : Skipping Token attachedSymbol On Line 6393
            Warning - 1 : Skipping Token attachedSymbol On Line 6438
            Warning - 1 : Skipping Token attachedSymbol On Line 6439
            Warning - 1 : Skipping Token attachedSymbol On Line 6440
            Warning - 1 : Skipping Token attachedSymbol On Line 6441
            Warning - 1 : Skipping Token attachedSymbol On Line 6488
            Warning - 1 : Skipping Token attachedSymbol On Line 6489
            Warning - 1 : Skipping Token attachedSymbol On Line 6536
            Warning - 1 : Skipping Token attachedSymbol On Line 6537
            Warning - 1 : Skipping Token attachedSymbol On Line 6538
            Warning - 1 : Skipping Token attachedSymbol On Line 6539
            Warning - 1 : Skipping Token attachedSymbol On Line 6540
            Warning - 1 : Skipping Token attachedSymbol On Line 6541
            Warning - 1 : Skipping Token attachedSymbol On Line 6586
            Warning - 1 : Skipping Token attachedSymbol On Line 6587
        EndSection

        Section : Import Messages
            Warning : Testpoint at (116.142mil,-150mil) ignored as no pad or via was found.
            Warning : Testpoint at (141.732mil,-175mil) ignored as no pad or via was found.
            Warning : Component  555»ƒ7 does not have PCB footprint definition and will be skipped
            Warning : Testpoint at (190.945mil,-225mil) ignored as no pad or via was found.
        EndSection
    EndSection

    Section : SCH Library - 1554-MM.SchLib
        Section : Parsing Messages
            Warning - 1 : Skipping Token padStyleDef On Line 13
            Warning - 1 : Skipping Token padStyleDef On Line 23
            Warning - 1 : Skipping Token padStyleDef On Line 34
            Warning - 1 : Skipping Token padStyleDef On Line 45
            Warning - 1 : Skipping Token padStyleDef On Line 56
            Warning - 1 : Skipping Token padStyleDef On Line 66
            Warning - 1 : Skipping Token padStyleDef On Line 76
            Warning - 1 : Skipping Token padStyleDef On Line 87
            Warning - 1 : Skipping Token viaStyleDef On Line 98
            Warning - 1 : Skipping Token multiLayer On Line 398
            Warning - 1 : Skipping Token layerContents On Line 414
            Warning - 1 : Skipping Token layerContents On Line 417
            Warning - 1 : Skipping Token multiLayer On Line 549
            Warning - 1 : Skipping Token layerContents On Line 567
            Warning - 1 : Skipping Token layerContents On Line 575
            Warning - 1 : Skipping Token multiLayer On Line 678
            Warning - 1 : Skipping Token layerContents On Line 694
            Warning - 1 : Skipping Token layerContents On Line 697
            Warning - 1 : Skipping Token multiLayer On Line 760
            Warning - 1 : Skipping Token layerContents On Line 778
            Warning - 1 : Skipping Token layerContents On Line 781
            Warning - 1 : Skipping Token multiLayer On Line 849
            Warning - 1 : Skipping Token layerContents On Line 865
            Warning - 1 : Skipping Token multiLayer On Line 892
            Warning - 1 : Skipping Token layerContents On Line 910
            Warning - 1 : Skipping Token multiLayer On Line 937
            Warning - 1 : Skipping Token layerContents On Line 959
            Warning - 1 : Skipping Token multiLayer On Line 986
            Warning - 1 : Skipping Token layerContents On Line 1012
            Warning - 1 : Skipping Token multiLayer On Line 1041
            Warning - 1 : Skipping Token layerContents On Line 1067
            Warning - 1 : Skipping Token layerContents On Line 1070
            Warning - 1 : Skipping Token multiLayer On Line 1213
            Warning - 1 : Skipping Token layerContents On Line 1243
            Warning - 1 : Skipping Token multiLayer On Line 1270
            Warning - 1 : Skipping Token layerContents On Line 1280
            Warning - 1 : Skipping Token multiLayer On Line 1307
            Warning - 1 : Skipping Token layerContents On Line 1325
            Warning - 1 : Skipping Token layerContents On Line 1337
            Warning - 1 : Skipping Token multiLayer On Line 1348
            Warning - 1 : Skipping Token layerContents On Line 1368
            Warning - 1 : Skipping Token layerContents On Line 1380
            Warning - 1 : Skipping Token multiLayer On Line 1391
            Warning - 1 : Skipping Token layerContents On Line 1415
            Warning - 1 : Skipping Token layerContents On Line 1427
            Warning - 1 : Skipping Token multiLayer On Line 1438
            Warning - 1 : Skipping Token layerContents On Line 1460
            Warning - 1 : Skipping Token layerContents On Line 1463
            Warning - 1 : Skipping Token defaultPinDes On Line 1568
            Warning - 1 : Skipping Token defaultPinDes On Line 1575
            Warning - 1 : Skipping Token defaultPinDes On Line 1582
            Warning - 1 : Skipping Token defaultPinDes On Line 1589
            Warning - 1 : Skipping Token defaultPinDes On Line 1596
            Warning - 1 : Skipping Token defaultPinDes On Line 1603
            Warning - 1 : Skipping Token defaultPinDes On Line 1631
            Warning - 1 : Skipping Token defaultPinDes On Line 1638
            Warning - 1 : Skipping Token defaultPinDes On Line 1645
            Warning - 1 : Skipping Token defaultPinDes On Line 1652
            Warning - 1 : Skipping Token defaultPinDes On Line 1659
            Warning - 1 : Skipping Token defaultPinDes On Line 1666
            Warning - 1 : Skipping Token defaultPinDes On Line 1694
            Warning - 1 : Skipping Token defaultPinDes On Line 1701
            Warning - 1 : Skipping Token defaultPinDes On Line 1708
            Warning - 1 : Skipping Token defaultPinDes On Line 1715
            Warning - 1 : Skipping Token defaultPinDes On Line 1722
            Warning - 1 : Skipping Token defaultPinDes On Line 1925
            Warning - 1 : Skipping Token defaultPinDes On Line 1932
            Warning - 1 : Skipping Token defaultPinDes On Line 1939
            Warning - 1 : Skipping Token defaultPinDes On Line 1947
            Warning - 1 : Skipping Token defaultPinDes On Line 1955
            Warning - 1 : Skipping Token defaultPinDes On Line 1962
            Warning - 1 : Skipping Token defaultPinDes On Line 1970
            Warning - 1 : Skipping Token defaultPinDes On Line 1978
            Warning - 1 : Skipping Token defaultPinDes On Line 1986
            Warning - 1 : Skipping Token defaultPinDes On Line 1994
            Warning - 1 : Skipping Token defaultPinDes On Line 2002
            Warning - 1 : Skipping Token defaultPinDes On Line 2010
            Warning - 1 : Skipping Token defaultPinDes On Line 2018
            Warning - 1 : Skipping Token defaultPinDes On Line 2026
        EndSection

        Section : Generating SCH Library - 1554-MM.SchLib
        EndSection
    EndSection
EndSection
